<?xml version="1.0" encoding="UTF-8"?>
<testng-results skipped="0" failed="0" ignored="0" total="3" passed="3">
  <reporter-output>
  </reporter-output>
  <suite name="RegistrationCycle" duration-ms="47760" started-at="2019-03-23T23:18:23Z" finished-at="2019-03-23T23:19:11Z">
    <groups>
      <group name="A">
        <method signature="TC01_RegistrationCycleTest.userRegistration()[pri:0, instance:com.imbb.testCases.TC01_RegistrationCycleTest@64bf3bbf]" name="userRegistration" class="com.imbb.testCases.TC01_RegistrationCycleTest"/>
        <method signature="TC01_RegistrationCycleTest.gmailUserActivate()[pri:0, instance:com.imbb.testCases.TC01_RegistrationCycleTest@64bf3bbf]" name="gmailUserActivate" class="com.imbb.testCases.TC01_RegistrationCycleTest"/>
      </group> <!-- A -->
      <group name="B">
        <method signature="TC02_UploadLogoTest.uploadPicture()[pri:0, instance:com.imbb.testCases.TC02_UploadLogoTest@55d56113]" name="uploadPicture" class="com.imbb.testCases.TC02_UploadLogoTest"/>
      </group> <!-- B -->
    </groups>
    <test name="RegistrationCycleTest" duration-ms="47760" started-at="2019-03-23T23:18:23Z" finished-at="2019-03-23T23:19:11Z">
      <class name="com.imbb.testCases.TC02_UploadLogoTest">
        <test-method status="PASS" signature="setup()[pri:0, instance:com.imbb.testCases.TC02_UploadLogoTest@55d56113]" name="setup" is-config="true" duration-ms="4068" started-at="2019-03-23T23:19:01Z" finished-at="2019-03-23T23:19:05Z">
          <reporter-output>
          </reporter-output>
        </test-method> <!-- setup -->
        <test-method status="PASS" signature="uploadPicture()[pri:0, instance:com.imbb.testCases.TC02_UploadLogoTest@55d56113]" name="uploadPicture" duration-ms="5023" started-at="2019-03-23T23:19:05Z" finished-at="2019-03-23T23:19:10Z">
          <reporter-output>
          </reporter-output>
        </test-method> <!-- uploadPicture -->
        <test-method status="PASS" signature="tearDown()[pri:0, instance:com.imbb.testCases.TC02_UploadLogoTest@55d56113]" name="tearDown" is-config="true" duration-ms="662" started-at="2019-03-23T23:19:10Z" finished-at="2019-03-23T23:19:11Z">
          <reporter-output>
          </reporter-output>
        </test-method> <!-- tearDown -->
      </class> <!-- com.imbb.testCases.TC02_UploadLogoTest -->
      <class name="com.imbb.testCases.TC01_RegistrationCycleTest">
        <test-method status="PASS" signature="setup()[pri:0, instance:com.imbb.testCases.TC01_RegistrationCycleTest@64bf3bbf]" name="setup" is-config="true" duration-ms="3677" started-at="2019-03-23T23:18:23Z" finished-at="2019-03-23T23:18:27Z">
          <reporter-output>
          </reporter-output>
        </test-method> <!-- setup -->
        <test-method status="PASS" signature="userRegistration()[pri:0, instance:com.imbb.testCases.TC01_RegistrationCycleTest@64bf3bbf]" name="userRegistration" duration-ms="3751" started-at="2019-03-23T23:18:27Z" finished-at="2019-03-23T23:18:31Z">
          <reporter-output>
          </reporter-output>
        </test-method> <!-- userRegistration -->
        <test-method status="PASS" signature="gmailUserActivate()[pri:0, instance:com.imbb.testCases.TC01_RegistrationCycleTest@64bf3bbf]" name="gmailUserActivate" duration-ms="29272" started-at="2019-03-23T23:18:31Z" depends-on-methods="com.imbb.testCases.TC01_RegistrationCycleTest.userRegistration" finished-at="2019-03-23T23:19:00Z">
          <reporter-output>
          </reporter-output>
        </test-method> <!-- gmailUserActivate -->
        <test-method status="PASS" signature="tearDown()[pri:0, instance:com.imbb.testCases.TC01_RegistrationCycleTest@64bf3bbf]" name="tearDown" is-config="true" duration-ms="928" started-at="2019-03-23T23:19:00Z" finished-at="2019-03-23T23:19:01Z">
          <reporter-output>
          </reporter-output>
        </test-method> <!-- tearDown -->
      </class> <!-- com.imbb.testCases.TC01_RegistrationCycleTest -->
    </test> <!-- RegistrationCycleTest -->
  </suite> <!-- RegistrationCycle -->
</testng-results>
