<?xml version="1.0" encoding="UTF-8"?>
<!-- Generated by org.testng.reporters.JUnitXMLReporter -->
<testsuite hostname="Vikram-PC" ignored="0" name="Default test" tests="3" failures="0" timestamp="23 Mar 2019 22:47:26 GMT" time="222.076" errors="0">
  <testcase name="userRegistration" time="37.82" classname="com.imbb.testCases.TC01_RegistrationCycleTest"/>
  <testcase name="gmailUserActivate" time="84.208" classname="com.imbb.testCases.TC01_RegistrationCycleTest"/>
  <testcase name="uploadPicture" time="87.1" classname="com.imbb.testCases.TC02_UploadLogoTest"/>
</testsuite> <!-- Default test -->
